
EPSILON | NUMPOINTS | RP | NODES | CALCS | Construct T | Total T



MSD ________________________________________________________________


0.007000 515345 12 1890 108778791561 1.165100 4.300235 
0.007525 515345 12 1713 116918749089 1.130859 5.110813 
0.008050 515345 12 1565 125172774401 1.096120 6.266315 
0.008575 515345 14 1936 131170941807 1.334723 7.283935 
0.009100 515345 15 2090 138666871987 1.587911 9.544094 

Census____________________________________________________________


0.001000 2458285 4 10329 28500904977 1.989369 4.844917 
0.003250 2458285 7 9523 125284874529 3.929117 8.966249 
0.005500 2458285 10 12698 321481519709 7.436001 20.530254 
0.007750 2458285 12 14973 609975294041 11.830462 36.041569 
0.010000 2458285 13 13584 975534227949 13.298418 main: src/launcher.cu:3024: neighborTable* nodeLauncher4(double*, unsigned int, unsigned int, unsigned int, unsigned int*, double): Assertion `cudaSuccess == cudaMemcpyAsync(&keyValueIndex[i], &d_keyValueIndex[i], sizeof(unsigned long long ), cudaMemcpyDeviceToHost, stream[tid])' failed.
main: src/launcher.cu:3024: neighborTable* nodeLauncher4(double*, unsigned int, unsigned int, unsigned int, unsigned int*, double): Assertion `cudaSuccess == cudaMemcpyAsync(&keyValueIndex[i], &d_keyValueIndex[i], sizeof(unsigned long long ), cudaMemcpyDeviceToHost, stream[tid])' failed.
/var/spool/slurm/slurmd/job57818463/slurm_script: line 69: 2503119 Aborted                 (core dumped) ./build/main /scratch/bwd29/data/USC_Normalized_No1Col.bin 68 $j


Wave __________________________________________________


0.002000 287999 9 595 10871321453 0.478191 0.799320 
0.003250 287999 10 635 17878180011 0.502839 1.025409 
0.004500 287999 12 626 24343736929 0.566739 1.200278 
0.005750 287999 14 600 29861024347 0.652936 1.610603 
0.007000 287999 14 586 35101001357 0.637534 2.581802 

BIGCROSS____________________________________________________________


0.001000 11620300 4 56603 120929213754 11.015422 22.335938 
0.005750 11620300 8 43764 992052523520 23.373212 39.999612 
0.010500 11620300 14 72924 3325324912520 75.917972 115.833422 
0.015250 11620300 17 68886 7999650020588 92.819950 184.062824 
0.020000 11620300 18 49101 14485444117576 87.134956 247.693341 

SUSY ________________________________________________________________


0.010000 5000000 7 32076 517598545148 7.870201 18.223207 
0.012750 5000000 8 35338 960853651250 14.130176 30.015241 
0.015500 5000000 8 25167 1849400808182 10.847659 45.610225 
0.018250 5000000 10 31969 2635912172844 19.587144 77.052763 
0.021000 5000000 10 25471 4094840908100 18.584899 113.633896 

HIGGS ________________________________________________________________


0.010000 11000000 8 116282 1313330531178 47.554227 120.053357 
0.021375 11000000 11 166586 13707484660112 191.037255 free(): invalid size
/var/spool/slurm/slurmd/job57818463/slurm_script: line 107: 2524270 Aborted                 (core dumped) ./build/main /scratch/bwd29/data/HIGSS_Normalized.bin 28 $j

0.032750 11000000 13 93810 45488950909170 163.674593 /var/spool/slurm/slurmd/job57818463/slurm_script: line 107: 2525114 Segmentation fault      (core dumped) ./build/main /scratch/bwd29/data/HIGSS_Normalized.bin 28 $j

0.044125 11000000 15 46223 75523017277484 115.814833 /var/spool/slurm/slurmd/job57818463/slurm_script: line 107: 2527038 Segmentation fault      (core dumped) ./build/main /scratch/bwd29/data/HIGSS_Normalized.bin 28 $j

0.055500 11000000 17 34941 95577570764904 109.084536 /var/spool/slurm/slurmd/job57818463/slurm_script: line 107: 2530971 Segmentation fault      (core dumped) ./build/main /scratch/bwd29/data/HIGSS_Normalized.bin 28 $j

Tiny____________________________________________________


0.200000 5000000 20 35750 5489796002610 89.976378 /var/spool/slurm/slurmd/job57818463/slurm_script: line 116: 2533954 Segmentation fault      (core dumped) ./build/main /scratch/bwd29/data/TINY_Normalized.bin 384 $j

0.260000 5000000 22 23466 7459090958354 71.959198 slurmstepd: error: *** JOB 57818463 ON cn2 CANCELLED AT 2023-01-27T12:30:19 ***
Job has already finished for job 57818463
slurmstepd: error: --task-epilog failed status=256
